<?xml version="1.0" encoding="UTF-8"?>
<!-- Generated by org.testng.reporters.JUnitReportReporter -->
<testsuite hostname="Asus-PC" failures="0" tests="12" name="com.Tab.runners.Runner_Chrome" time="457.514" errors="0" timestamp="20 Aug 2019 20:42:28 GMT" skipped="0">
  <testcase classname="com.Tab.runners.Runner_Chrome" name="scenario" time="13.502"/>
  <testcase classname="com.Tab.runners.Runner_Chrome" name="scenario" time="12.855"/>
  <testcase classname="com.Tab.runners.Runner_Chrome" name="scenario" time="12.705"/>
  <testcase classname="com.Tab.runners.Runner_Chrome" name="scenario" time="62.950"/>
  <testcase classname="com.Tab.runners.Runner_Chrome" name="scenario" time="63.060"/>
  <testcase classname="com.Tab.runners.Runner_Chrome" name="scenario" time="13.833"/>
  <testcase classname="com.Tab.runners.Runner_Chrome" name="scenario" time="13.456"/>
  <testcase classname="com.Tab.runners.Runner_Chrome" name="scenario" time="62.949"/>
  <testcase classname="com.Tab.runners.Runner_Chrome" name="scenario" time="63.102"/>
  <testcase classname="com.Tab.runners.Runner_Chrome" name="scenario" time="63.140"/>
  <testcase classname="com.Tab.runners.Runner_Chrome" name="scenario" time="12.811"/>
  <testcase classname="com.Tab.runners.Runner_Chrome" name="scenario" time="63.151"/>
</testsuite> <!-- com.Tab.runners.Runner_Chrome -->
