<?xml version="1.0" encoding="UTF-8"?>
<!-- Generated by org.testng.reporters.JUnitReportReporter -->
<testsuite hostname="Asus-PC" failures="0" tests="4" name="com.Tab.runners.Runner_Chrome" time="13.211" errors="0" timestamp="17 Aug 2019 20:36:03 GMT" skipped="0">
  <testcase classname="com.Tab.runners.Runner_Chrome" name="scenario" time="3.311"/>
  <testcase classname="com.Tab.runners.Runner_Chrome" name="scenario" time="3.248"/>
  <testcase classname="com.Tab.runners.Runner_Chrome" name="scenario" time="3.372"/>
  <testcase classname="com.Tab.runners.Runner_Chrome" name="scenario" time="3.280"/>
</testsuite> <!-- com.Tab.runners.Runner_Chrome -->
